<?xml version="1.0" encoding="utf-8"?><testsuites name="pytest tests"><testsuite name="pytest" errors="0" failures="0" skipped="0" tests="16" time="2.458" timestamp="2026-03-25T11:40:42.286911+00:00" hostname="agent-env-36e94e43-b0e3-41c2-aa88-d649da407104"><testcase classname="backend.tests.test_associated_accounts.TestLoginWithMultipleProfiles" name="test_parent_login_returns_multiple_profiles" time="0.359" /><testcase classname="backend.tests.test_associated_accounts.TestLoginWithMultipleProfiles" name="test_child_login_returns_profiles" time="0.338" /><testcase classname="backend.tests.test_associated_accounts.TestGetAssociatedAccounts" name="test_get_associated_accounts" time="0.114" /><testcase classname="backend.tests.test_associated_accounts.TestSearchUserToAssociate" name="test_search_user_by_email_success" time="0.109" /><testcase classname="backend.tests.test_associated_accounts.TestSearchUserToAssociate" name="test_search_user_not_found" time="0.098" /><testcase classname="backend.tests.test_associated_accounts.TestSearchUserToAssociate" name="test_search_own_account" time="0.134" /><testcase classname="backend.tests.test_associated_accounts.TestAssociateAccount" name="test_associate_already_associated" time="0.105" /><testcase classname="backend.tests.test_associated_accounts.TestAssociateAccount" name="test_associate_nonexistent_user" time="0.132" /><testcase classname="backend.tests.test_associated_accounts.TestSwitchProfile" name="test_switch_to_self_profile" time="0.105" /><testcase classname="backend.tests.test_associated_accounts.TestSwitchProfile" name="test_switch_to_associated_profile" time="0.281" /><testcase classname="backend.tests.test_associated_accounts.TestSwitchProfile" name="test_switch_to_invalid_associated" time="0.105" /><testcase classname="backend.tests.test_associated_accounts.TestSwitchProfile" name="test_switch_without_associated_id" time="0.109" /><testcase classname="backend.tests.test_associated_accounts.TestSwitchProfile" name="test_switch_invalid_profile_type" time="0.108" /><testcase classname="backend.tests.test_associated_accounts.TestRemoveAssociation" name="test_remove_nonexistent_association" time="0.100" /><testcase classname="backend.tests.test_associated_accounts.TestAuthMeWithProfiles" name="test_auth_me_includes_profiles" time="0.102" /><testcase classname="backend.tests.test_associated_accounts.TestAuthProfilesEndpoint" name="test_get_profiles" time="0.106" /></testsuite></testsuites>