<?xml version="1.0" encoding="utf-8"?><testsuites name="pytest tests"><testsuite name="pytest" errors="0" failures="0" skipped="0" tests="18" time="12.214" timestamp="2026-03-27T20:46:12.340433+00:00" hostname="agent-env-36e94e43-b0e3-41c2-aa88-d649da407104"><testcase classname="backend.tests.test_attendance_features.TestAttendanceFeatures" name="test_attendance_status_faltou_sem_aviso_accepted" time="0.541" /><testcase classname="backend.tests.test_attendance_features.TestAttendanceFeatures" name="test_update_attendance_with_faltou_sem_aviso_status" time="1.175" /><testcase classname="backend.tests.test_attendance_features.TestAttendanceFeatures" name="test_search_attendance_endpoint_exists" time="0.451" /><testcase classname="backend.tests.test_attendance_features.TestAttendanceFeatures" name="test_search_attendance_returns_results" time="0.641" /><testcase classname="backend.tests.test_attendance_features.TestAttendanceFeatures" name="test_player_search_only_sees_own_data" time="0.493" /><testcase classname="backend.tests.test_attendance_features.TestAttendanceFeatures" name="test_unavailabilities_endpoint_exists" time="0.486" /><testcase classname="backend.tests.test_attendance_features.TestAttendanceFeatures" name="test_unavailabilities_structure" time="0.469" /><testcase classname="backend.tests.test_attendance_features.TestAttendanceFeatures" name="test_player_sees_only_own_unavailabilities" time="0.524" /><testcase classname="backend.tests.test_attendance_features.TestAttendanceFeatures" name="test_my_detailed_attendance_endpoint" time="0.491" /><testcase classname="backend.tests.test_attendance_features.TestAttendanceFeatures" name="test_my_detailed_attendance_has_can_edit_flag" time="0.470" /><testcase classname="backend.tests.test_attendance_features.TestAttendanceFeatures" name="test_can_edit_flag_logic" time="0.465" /><testcase classname="backend.tests.test_attendance_features.TestAttendanceFeatures" name="test_player_cannot_edit_past_event_attendance" time="0.452" /><testcase classname="backend.tests.test_attendance_features.TestAttendanceFeatures" name="test_admin_can_edit_past_event_attendance" time="0.696" /><testcase classname="backend.tests.test_attendance_features.TestAttendanceFeatures" name="test_admin_sees_all_attendance" time="0.511" /><testcase classname="backend.tests.test_attendance_features.TestAttendanceFeatures" name="test_player_sees_only_own_attendance" time="0.472" /><testcase classname="backend.tests.test_attendance_features.TestAttendanceAPIValidation" name="test_invalid_status_rejected" time="2.854" /><testcase classname="backend.tests.test_attendance_features.TestAttendanceAPIValidation" name="test_search_empty_query" time="0.498" /><testcase classname="backend.tests.test_attendance_features.TestAttendanceAPIValidation" name="test_nonexistent_team_attendance" time="0.457" /></testsuite></testsuites>