<?xml version="1.0" encoding="utf-8"?><testsuites name="pytest tests"><testsuite name="pytest" errors="0" failures="0" skipped="0" tests="16" time="9.313" timestamp="2026-03-31T13:54:10.088490+00:00" hostname="agent-env-36e94e43-b0e3-41c2-aa88-d649da407104"><testcase classname="backend.tests.test_championships_competitions.TestChampionshipsCompetitions" name="test_create_competition_team_success" time="0.587" /><testcase classname="backend.tests.test_championships_competitions.TestChampionshipsCompetitions" name="test_create_competition_team_with_pavilion" time="0.491" /><testcase classname="backend.tests.test_championships_competitions.TestChampionshipsCompetitions" name="test_create_competition_team_duplicate_name_error" time="0.545" /><testcase classname="backend.tests.test_championships_competitions.TestChampionshipsCompetitions" name="test_create_match_success" time="0.540" /><testcase classname="backend.tests.test_championships_competitions.TestChampionshipsCompetitions" name="test_create_match_with_home_team" time="0.497" /><testcase classname="backend.tests.test_championships_competitions.TestChampionshipsCompetitions" name="test_update_match_result_success" time="0.722" /><testcase classname="backend.tests.test_championships_competitions.TestChampionshipsCompetitions" name="test_update_match_result_zero_scores" time="0.652" /><testcase classname="backend.tests.test_championships_competitions.TestChampionshipsCompetitions" name="test_import_matches_csv_portuguese_headers" time="0.574" /><testcase classname="backend.tests.test_championships_competitions.TestChampionshipsCompetitions" name="test_import_matches_csv_spanish_headers" time="0.611" /><testcase classname="backend.tests.test_championships_competitions.TestChampionshipsCompetitions" name="test_import_matches_csv_french_headers" time="0.686" /><testcase classname="backend.tests.test_championships_competitions.TestChampionshipsCompetitions" name="test_import_matches_csv_italian_headers" time="0.596" /><testcase classname="backend.tests.test_championships_competitions.TestChampionshipsCompetitions" name="test_import_matches_csv_english_headers" time="0.547" /><testcase classname="backend.tests.test_championships_competitions.TestChampionshipsCompetitions" name="test_matches_returned_with_date_and_time" time="0.678" /><testcase classname="backend.tests.test_championships_competitions.TestChampionshipsCompetitions" name="test_championships_endpoint_returns_data" time="0.530" /><testcase classname="backend.tests.test_championships_competitions.TestChampionshipsCompetitions" name="test_get_competition_teams" time="0.498" /><testcase classname="backend.tests.test_championships_competitions.TestChampionshipsCompetitions" name="test_get_standings" time="0.477" /></testsuite></testsuites>