<?xml version="1.0" encoding="utf-8"?><testsuites name="pytest tests"><testsuite name="pytest" errors="0" failures="0" skipped="0" tests="13" time="7.537" timestamp="2026-03-27T21:31:10.931552+00:00" hostname="agent-env-36e94e43-b0e3-41c2-aa88-d649da407104"><testcase classname="backend.tests.test_competition_teams_lineup.TestCompetitionTeamsAndLineup" name="test_get_competition_teams" time="0.537" /><testcase classname="backend.tests.test_competition_teams_lineup.TestCompetitionTeamsAndLineup" name="test_create_competition_team" time="0.494" /><testcase classname="backend.tests.test_competition_teams_lineup.TestCompetitionTeamsAndLineup" name="test_update_competition_team" time="0.588" /><testcase classname="backend.tests.test_competition_teams_lineup.TestCompetitionTeamsAndLineup" name="test_delete_competition_team" time="0.571" /><testcase classname="backend.tests.test_competition_teams_lineup.TestCompetitionTeamsAndLineup" name="test_duplicate_team_name_rejected" time="0.602" /><testcase classname="backend.tests.test_competition_teams_lineup.TestCompetitionTeamsAndLineup" name="test_get_match_lineup_empty" time="0.555" /><testcase classname="backend.tests.test_competition_teams_lineup.TestCompetitionTeamsAndLineup" name="test_save_match_lineup_with_visibility" time="0.557" /><testcase classname="backend.tests.test_competition_teams_lineup.TestCompetitionTeamsAndLineup" name="test_lineup_visibility_options" time="0.853" /><testcase classname="backend.tests.test_competition_teams_lineup.TestCompetitionTeamsAndLineup" name="test_matches_have_matchday" time="0.600" /><testcase classname="backend.tests.test_competition_teams_lineup.TestCompetitionTeamsAndLineup" name="test_create_match_with_matchday" time="0.560" /><testcase classname="backend.tests.test_competition_teams_lineup.TestCompetitionTeamsAndLineup" name="test_competition_teams_rbac" time="0.492" /><testcase classname="backend.tests.test_competition_teams_lineup.TestCompetitionTeamsAndLineup" name="test_lineup_rbac" time="0.539" /><testcase classname="backend.tests.test_competition_teams_lineup.TestCleanup" name="test_cleanup_test_teams" time="0.522" /></testsuite></testsuites>