<?xml version="1.0" encoding="utf-8"?><testsuites name="pytest tests"><testsuite name="pytest" errors="0" failures="0" skipped="0" tests="15" time="9.113" timestamp="2026-03-31T14:30:33.497181+00:00" hostname="agent-env-36e94e43-b0e3-41c2-aa88-d649da407104"><testcase classname="backend.tests.test_convocation_status.TestConvocationStatusEndpoints" name="test_get_convocation_status_success" time="0.630" /><testcase classname="backend.tests.test_convocation_status.TestConvocationStatusEndpoints" name="test_get_convocation_status_player_structure" time="0.630" /><testcase classname="backend.tests.test_convocation_status.TestConvocationStatusEndpoints" name="test_get_convocation_status_event_not_found" time="0.554" /><testcase classname="backend.tests.test_convocation_status.TestConvocationStatusEndpoints" name="test_get_convocation_status_empty_event" time="0.561" /><testcase classname="backend.tests.test_convocation_status.TestConvocationStatusEndpoints" name="test_update_convocation_status_to_confirmado" time="0.677" /><testcase classname="backend.tests.test_convocation_status.TestConvocationStatusEndpoints" name="test_update_convocation_status_to_ausente" time="0.746" /><testcase classname="backend.tests.test_convocation_status.TestConvocationStatusEndpoints" name="test_update_convocation_status_to_pendente" time="0.702" /><testcase classname="backend.tests.test_convocation_status.TestConvocationStatusEndpoints" name="test_update_convocation_status_invalid_status" time="0.623" /><testcase classname="backend.tests.test_convocation_status.TestConvocationStatusEndpoints" name="test_update_convocation_status_player_not_found" time="0.600" /><testcase classname="backend.tests.test_convocation_status.TestConvocationStatusEndpoints" name="test_send_reminder_success" time="1.736" /><testcase classname="backend.tests.test_convocation_status.TestConvocationStatusEndpoints" name="test_send_reminder_no_pending_players" time="0.626" /><testcase classname="backend.tests.test_convocation_status.TestConvocationStatusEndpoints" name="test_send_reminder_event_not_found" time="0.585" /><testcase classname="backend.tests.test_convocation_status.TestConvocationStatusUnauthorized" name="test_get_convocation_status_unauthorized" time="0.135" /><testcase classname="backend.tests.test_convocation_status.TestConvocationStatusUnauthorized" name="test_update_convocation_status_unauthorized" time="0.106" /><testcase classname="backend.tests.test_convocation_status.TestConvocationStatusUnauthorized" name="test_send_reminder_unauthorized" time="0.124" /></testsuite></testsuites>