<?xml version="1.0" encoding="utf-8"?><testsuites name="pytest tests"><testsuite name="pytest" errors="0" failures="0" skipped="0" tests="17" time="8.803" timestamp="2026-03-29T14:07:56.139482+00:00" hostname="agent-env-36e94e43-b0e3-41c2-aa88-d649da407104"><testcase classname="backend.tests.test_dashboard_role_filtering.TestAdminDashboard" name="test_admin_sees_all_events" time="0.741" /><testcase classname="backend.tests.test_dashboard_role_filtering.TestAdminDashboard" name="test_admin_role_is_admin" time="0.469" /><testcase classname="backend.tests.test_dashboard_role_filtering.TestGestorDesportivoDashboard" name="test_gestor_sees_all_events" time="0.886" /><testcase classname="backend.tests.test_dashboard_role_filtering.TestGestorDesportivoDashboard" name="test_gestor_role_is_gestor_desportivo" time="0.448" /><testcase classname="backend.tests.test_dashboard_role_filtering.TestPlayerEscolaresDashboard" name="test_player_escolares_sees_only_escolares_events" time="0.450" /><testcase classname="backend.tests.test_dashboard_role_filtering.TestPlayerEscolaresDashboard" name="test_player_escolares_team_membership" time="0.436" /><testcase classname="backend.tests.test_dashboard_role_filtering.TestPlayerSub13Dashboard" name="test_player_sub13_sees_only_sub13_events" time="0.433" /><testcase classname="backend.tests.test_dashboard_role_filtering.TestPlayerSub13Dashboard" name="test_player_sub13_team_membership" time="0.459" /><testcase classname="backend.tests.test_dashboard_role_filtering.TestParentSub13Dashboard" name="test_parent_sees_only_linked_child_events" time="0.443" /><testcase classname="backend.tests.test_dashboard_role_filtering.TestParentSub13Dashboard" name="test_parent_is_linked_to_sub13_player" time="0.886" /><testcase classname="backend.tests.test_dashboard_role_filtering.TestNoDataLeakage" name="test_escolares_player_cannot_see_sub13_events" time="0.445" /><testcase classname="backend.tests.test_dashboard_role_filtering.TestNoDataLeakage" name="test_sub13_player_cannot_see_escolares_events" time="0.432" /><testcase classname="backend.tests.test_dashboard_role_filtering.TestNoDataLeakage" name="test_parent_cannot_see_unlinked_team_events" time="0.438" /><testcase classname="backend.tests.test_dashboard_role_filtering.TestTeamsCount" name="test_admin_teams_count" time="0.439" /><testcase classname="backend.tests.test_dashboard_role_filtering.TestTeamsCount" name="test_gestor_teams_count" time="0.431" /><testcase classname="backend.tests.test_dashboard_role_filtering.TestTeamsCount" name="test_player_teams_count" time="0.452" /><testcase classname="backend.tests.test_dashboard_role_filtering.TestTeamsCount" name="test_parent_teams_count" time="0.441" /></testsuite></testsuites>