<?xml version="1.0" encoding="utf-8"?><testsuites name="pytest tests"><testsuite name="pytest" errors="0" failures="0" skipped="0" tests="13" time="6.029" timestamp="2026-03-28T16:17:17.286796+00:00" hostname="agent-env-36e94e43-b0e3-41c2-aa88-d649da407104"><testcase classname="backend.tests.test_export_features.TestExportFeatures" name="test_members_export_endpoint_exists" time="0.431" /><testcase classname="backend.tests.test_export_features.TestExportFeatures" name="test_members_export_with_team_filter" time="0.477" /><testcase classname="backend.tests.test_export_features.TestExportFeatures" name="test_members_export_with_search_filter" time="0.394" /><testcase classname="backend.tests.test_export_features.TestExportFeatures" name="test_members_export_admin_only" time="0.703" /><testcase classname="backend.tests.test_export_features.TestExportFeatures" name="test_payments_export_endpoint_exists" time="0.387" /><testcase classname="backend.tests.test_export_features.TestExportFeatures" name="test_payments_export_with_status_filter" time="0.522" /><testcase classname="backend.tests.test_export_features.TestExportFeatures" name="test_payments_export_with_type_filter" time="0.473" /><testcase classname="backend.tests.test_export_features.TestExportFeatures" name="test_payments_export_with_search_filter" time="0.400" /><testcase classname="backend.tests.test_export_features.TestExportFeatures" name="test_payments_export_admin_only" time="0.460" /><testcase classname="backend.tests.test_export_features.TestExportFeatures" name="test_attendance_data_endpoint" time="0.466" /><testcase classname="backend.tests.test_export_features.TestExportFeatures" name="test_attendance_summary_endpoint" time="0.440" /><testcase classname="backend.tests.test_export_features.TestExportFeatures" name="test_members_export_file_content" time="0.431" /><testcase classname="backend.tests.test_export_features.TestExportFeatures" name="test_payments_export_file_content" time="0.393" /></testsuite></testsuites>