<?xml version="1.0" encoding="utf-8"?><testsuites name="pytest tests"><testsuite name="pytest" errors="0" failures="0" skipped="0" tests="8" time="3.807" timestamp="2026-03-26T11:06:07.745651+00:00" hostname="agent-env-36e94e43-b0e3-41c2-aa88-d649da407104"><testcase classname="backend.tests.test_external_matches.TestExternalMatches" name="test_01_login_success" time="0.372" /><testcase classname="backend.tests.test_external_matches.TestExternalMatches" name="test_02_get_championships" time="0.487" /><testcase classname="backend.tests.test_external_matches.TestExternalMatches" name="test_03_create_external_match" time="0.540" /><testcase classname="backend.tests.test_external_matches.TestExternalMatches" name="test_04_verify_external_match_in_list" time="0.480" /><testcase classname="backend.tests.test_external_matches.TestExternalMatches" name="test_05_add_result_to_external_match" time="0.432" /><testcase classname="backend.tests.test_external_matches.TestExternalMatches" name="test_06_verify_standings_include_external_teams" time="0.432" /><testcase classname="backend.tests.test_external_matches.TestExternalMatches" name="test_07_cleanup_test_match" time="0.424" /><testcase classname="backend.tests.test_external_matches.TestStatsTableFormat" name="test_01_get_team_stats" time="0.591" /></testsuite></testsuites>