<?xml version="1.0" encoding="utf-8"?><testsuites name="pytest tests"><testsuite name="pytest" errors="0" failures="0" skipped="0" tests="16" time="8.389" timestamp="2026-03-31T14:04:36.298725+00:00" hostname="agent-env-36e94e43-b0e3-41c2-aa88-d649da407104"><testcase classname="backend.tests.test_gamesheet_stats_extraction.TestGamesheetStatsExtraction" name="test_extract_gamesheet_stats_success" time="0.570" /><testcase classname="backend.tests.test_gamesheet_stats_extraction.TestGamesheetStatsExtraction" name="test_extract_home_and_away_score" time="0.849" /><testcase classname="backend.tests.test_gamesheet_stats_extraction.TestGamesheetStatsExtraction" name="test_extract_teams_list" time="0.472" /><testcase classname="backend.tests.test_gamesheet_stats_extraction.TestGamesheetStatsExtraction" name="test_parse_goals_assists_defenses" time="0.473" /><testcase classname="backend.tests.test_gamesheet_stats_extraction.TestGamesheetStatsExtraction" name="test_parse_penalties_xy_format" time="0.491" /><testcase classname="backend.tests.test_gamesheet_stats_extraction.TestGamesheetStatsExtraction" name="test_parse_direct_free_hits_xy_format" time="0.493" /><testcase classname="backend.tests.test_gamesheet_stats_extraction.TestGamesheetStatsExtraction" name="test_parse_cards" time="0.473" /><testcase classname="backend.tests.test_gamesheet_stats_extraction.TestGamesheetStatsExtraction" name="test_normalize_player_name_remove_captain_marker" time="0.473" /><testcase classname="backend.tests.test_gamesheet_stats_extraction.TestGamesheetStatsExtraction" name="test_skip_technical_staff" time="0.460" /><testcase classname="backend.tests.test_gamesheet_stats_extraction.TestGamesheetStatsExtraction" name="test_validation_pm_pf_ldm_ldf_non_negative" time="0.495" /><testcase classname="backend.tests.test_gamesheet_stats_extraction.TestGamesheetStatsExtraction" name="test_player_data_structure" time="0.460" /><testcase classname="backend.tests.test_gamesheet_stats_extraction.TestGamesheetStatsExtraction" name="test_invalid_url_returns_empty_result" time="0.691" /><testcase classname="backend.tests.test_gamesheet_stats_extraction.TestGamesheetStatsExtraction" name="test_unauthorized_access_returns_401" time="0.452" /><testcase classname="backend.tests.test_gamesheet_stats_extraction.TestGamesheetStatsExtraction" name="test_player_team_assignment" time="0.508" /><testcase classname="backend.tests.test_gamesheet_stats_extraction.TestGamesheetStatsEdgeCases" name="test_zero_zero_penalties" time="0.484" /><testcase classname="backend.tests.test_gamesheet_stats_extraction.TestGamesheetStatsEdgeCases" name="test_goalkeeper_defenses" time="0.460" /></testsuite></testsuites>