<?xml version="1.0" encoding="utf-8"?><testsuites name="pytest tests"><testsuite name="pytest" errors="0" failures="0" skipped="0" tests="10" time="4.102" timestamp="2026-03-29T14:24:48.391076+00:00" hostname="agent-env-36e94e43-b0e3-41c2-aa88-d649da407104"><testcase classname="backend.tests.test_guardian_children.TestGuardianEndpoints" name="test_guardian_children_endpoint_exists" time="0.415" /><testcase classname="backend.tests.test_guardian_children.TestGuardianEndpoints" name="test_guardian_children_returns_children_list" time="0.410" /><testcase classname="backend.tests.test_guardian_children.TestGuardianEndpoints" name="test_guardian_children_shows_teams_count" time="0.393" /><testcase classname="backend.tests.test_guardian_children.TestGuardianEndpoints" name="test_guardian_child_teams_endpoint_exists" time="0.440" /><testcase classname="backend.tests.test_guardian_children.TestGuardianEndpoints" name="test_guardian_child_teams_returns_teams" time="0.427" /><testcase classname="backend.tests.test_guardian_children.TestGuardianEndpoints" name="test_guardian_child_teams_includes_child_role" time="0.426" /><testcase classname="backend.tests.test_guardian_children.TestGuardianEndpoints" name="test_non_guardian_cannot_access_children_endpoint" time="0.391" /><testcase classname="backend.tests.test_guardian_children.TestGuardianEndpoints" name="test_non_guardian_cannot_access_child_teams_endpoint" time="0.380" /><testcase classname="backend.tests.test_guardian_children.TestGuardianEndpoints" name="test_guardian_cannot_access_unlinked_child" time="0.391" /><testcase classname="backend.tests.test_guardian_children.TestGuardianEndpoints" name="test_guardian_with_no_children_returns_empty_list" time="0.372" /></testsuite></testsuites>