<?xml version="1.0" encoding="utf-8"?><testsuites name="pytest tests"><testsuite name="pytest" errors="0" failures="0" skipped="0" tests="16" time="10.204" timestamp="2026-03-27T20:58:47.662047+00:00" hostname="agent-env-36e94e43-b0e3-41c2-aa88-d649da407104"><testcase classname="backend.tests.test_members_module.TestMembersModule" name="test_members_paginated_list_default" time="0.591" /><testcase classname="backend.tests.test_members_module.TestMembersModule" name="test_members_paginated_list_custom_page" time="0.427" /><testcase classname="backend.tests.test_members_module.TestMembersModule" name="test_members_paginated_by_team" time="0.465" /><testcase classname="backend.tests.test_members_module.TestMembersModule" name="test_members_search_by_name" time="0.450" /><testcase classname="backend.tests.test_members_module.TestMembersModule" name="test_members_search_no_results" time="0.429" /><testcase classname="backend.tests.test_members_module.TestMembersModule" name="test_get_member_detail_with_statistics" time="0.504" /><testcase classname="backend.tests.test_members_module.TestMembersModule" name="test_get_member_detail_not_found" time="0.415" /><testcase classname="backend.tests.test_members_module.TestMembersModule" name="test_archive_member_admin_only" time="0.856" /><testcase classname="backend.tests.test_members_module.TestMembersModule" name="test_player_cannot_archive_member" time="0.781" /><testcase classname="backend.tests.test_members_module.TestMembersModule" name="test_get_archived_members_admin_only" time="0.391" /><testcase classname="backend.tests.test_members_module.TestMembersModule" name="test_player_cannot_view_archived_members" time="0.459" /><testcase classname="backend.tests.test_members_module.TestMembersModule" name="test_restore_member_admin_only" time="0.805" /><testcase classname="backend.tests.test_members_module.TestMembersModule" name="test_player_cannot_restore_member" time="1.253" /><testcase classname="backend.tests.test_members_module.TestMembersModule" name="test_send_activation_reminder_admin_only" time="0.790" /><testcase classname="backend.tests.test_members_module.TestMembersModule" name="test_player_cannot_send_activation_reminder" time="0.826" /><testcase classname="backend.tests.test_members_module.TestMembersModule" name="test_member_nationalities_max_two" time="0.687" /></testsuite></testsuites>