<?xml version="1.0" encoding="utf-8"?><testsuites name="pytest tests"><testsuite name="pytest" errors="0" failures="0" skipped="0" tests="18" time="23.518" timestamp="2026-03-31T13:34:25.005892+00:00" hostname="agent-env-36e94e43-b0e3-41c2-aa88-d649da407104"><testcase classname="backend.tests.test_members_multilingual.TestMemberDeletion" name="test_delete_member_requires_admin" time="0.778" /><testcase classname="backend.tests.test_members_multilingual.TestMemberDeletion" name="test_cannot_delete_own_account" time="0.439" /><testcase classname="backend.tests.test_members_multilingual.TestMemberDeletion" name="test_cannot_delete_admin_accounts" time="0.804" /><testcase classname="backend.tests.test_members_multilingual.TestMemberDeletion" name="test_delete_member_removes_all_data" time="0.896" /><testcase classname="backend.tests.test_members_multilingual.TestMemberDeletion" name="test_delete_nonexistent_member" time="0.438" /><testcase classname="backend.tests.test_members_multilingual.TestMultilingualImport" name="test_import_portuguese_headers" time="0.698" /><testcase classname="backend.tests.test_members_multilingual.TestMultilingualImport" name="test_import_spanish_headers" time="0.680" /><testcase classname="backend.tests.test_members_multilingual.TestMultilingualImport" name="test_import_french_headers" time="0.685" /><testcase classname="backend.tests.test_members_multilingual.TestMultilingualImport" name="test_import_italian_headers" time="0.971" /><testcase classname="backend.tests.test_members_multilingual.TestMultilingualImport" name="test_import_english_headers" time="0.701" /><testcase classname="backend.tests.test_members_multilingual.TestMultilingualRoleMapping" name="test_role_mapping_portuguese" time="3.850" /><testcase classname="backend.tests.test_members_multilingual.TestMultilingualRoleMapping" name="test_role_mapping_spanish" time="2.585" /><testcase classname="backend.tests.test_members_multilingual.TestMultilingualRoleMapping" name="test_role_mapping_french" time="2.693" /><testcase classname="backend.tests.test_members_multilingual.TestMultilingualRoleMapping" name="test_role_mapping_italian" time="2.106" /><testcase classname="backend.tests.test_members_multilingual.TestMultilingualRoleMapping" name="test_role_mapping_english" time="3.847" /><testcase classname="backend.tests.test_members_multilingual.TestMemberGrouping" name="test_staff_roles_identified" time="0.729" /><testcase classname="backend.tests.test_members_multilingual.TestMemberGrouping" name="test_members_endpoint_returns_team_role" time="0.545" /><testcase classname="backend.tests.test_members_multilingual.TestTranslationKeys" name="test_role_translation_keys" time="0.000" /></testsuite></testsuites>