<?xml version="1.0" encoding="utf-8"?><testsuites name="pytest tests"><testsuite name="pytest" errors="0" failures="0" skipped="0" tests="21" time="20.528" timestamp="2026-03-29T14:50:09.411495+00:00" hostname="agent-env-36e94e43-b0e3-41c2-aa88-d649da407104"><testcase classname="backend.tests.test_member_import.TestMemberImport" name="test_import_csv_basic" time="1.163" /><testcase classname="backend.tests.test_member_import.TestMemberImport" name="test_import_csv_with_team_id" time="0.793" /><testcase classname="backend.tests.test_member_import.TestMemberImport" name="test_import_csv_with_club_id" time="0.779" /><testcase classname="backend.tests.test_member_import.TestMemberImport" name="test_import_role_mapping_jogador" time="0.756" /><testcase classname="backend.tests.test_member_import.TestMemberImport" name="test_import_role_mapping_treinador" time="0.768" /><testcase classname="backend.tests.test_member_import.TestMemberImport" name="test_import_role_mapping_treinador_adjunto" time="0.764" /><testcase classname="backend.tests.test_member_import.TestMemberImport" name="test_import_role_mapping_delegado" time="0.777" /><testcase classname="backend.tests.test_member_import.TestMemberImport" name="test_import_role_mapping_responsavel" time="0.760" /><testcase classname="backend.tests.test_member_import.TestMemberImport" name="test_import_role_mapping_gestor_desportivo" time="0.758" /><testcase classname="backend.tests.test_member_import.TestMemberImport" name="test_import_position_normalization_gr" time="1.232" /><testcase classname="backend.tests.test_member_import.TestMemberImport" name="test_import_position_normalization_jc" time="1.275" /><testcase classname="backend.tests.test_member_import.TestMemberImport" name="test_import_nationality_conversion_pt" time="1.230" /><testcase classname="backend.tests.test_member_import.TestMemberImport" name="test_import_nationality_conversion_br" time="1.216" /><testcase classname="backend.tests.test_member_import.TestMemberImport" name="test_import_nationality_conversion_es" time="1.243" /><testcase classname="backend.tests.test_member_import.TestMemberImport" name="test_import_duplicate_email_warning" time="1.102" /><testcase classname="backend.tests.test_member_import.TestMemberImport" name="test_import_gender_normalization" time="1.878" /><testcase classname="backend.tests.test_member_import.TestMemberImport" name="test_import_missing_required_fields" time="0.555" /><testcase classname="backend.tests.test_member_import.TestMemberImport" name="test_import_all_columns_complete" time="0.771" /><testcase classname="backend.tests.test_member_import.TestMemberImport" name="test_import_unauthorized" time="0.521" /><testcase classname="backend.tests.test_member_import.TestMemberImportExcel" name="test_import_excel_file" time="1.099" /><testcase classname="backend.tests.test_member_import.TestTemplateDownload" name="test_template_structure" time="0.994" /></testsuite></testsuites>