<?xml version="1.0" encoding="utf-8"?><testsuites name="pytest tests"><testsuite name="pytest" errors="0" failures="0" skipped="0" tests="14" time="4.529" timestamp="2026-03-25T19:33:32.759944+00:00" hostname="agent-env-36e94e43-b0e3-41c2-aa88-d649da407104"><testcase classname="backend.tests.test_new_features.TestAuth" name="test_admin_login" time="0.377" /><testcase classname="backend.tests.test_new_features.TestUserRoleManagement" name="test_get_users_list" time="0.442" /><testcase classname="backend.tests.test_new_features.TestUserRoleManagement" name="test_get_user_by_id" time="0.226" /><testcase classname="backend.tests.test_new_features.TestUserRoleManagement" name="test_update_user_role_endpoint_exists" time="0.393" /><testcase classname="backend.tests.test_new_features.TestUserRoleManagement" name="test_invalid_role_rejected" time="0.239" /><testcase classname="backend.tests.test_new_features.TestMessagesWithRecipients" name="test_send_broadcast_message" time="0.612" /><testcase classname="backend.tests.test_new_features.TestMessagesWithRecipients" name="test_send_private_message" time="0.240" /><testcase classname="backend.tests.test_new_features.TestMessagesWithRecipients" name="test_get_team_messages" time="0.138" /><testcase classname="backend.tests.test_new_features.TestMatchLineup" name="test_get_match_lineup_empty" time="0.595" /><testcase classname="backend.tests.test_new_features.TestMatchLineup" name="test_save_match_lineup" time="0.122" /><testcase classname="backend.tests.test_new_features.TestMatchLineup" name="test_get_saved_lineup" time="0.172" /><testcase classname="backend.tests.test_new_features.TestMatchLineup" name="test_update_lineup_with_players" time="0.341" /><testcase classname="backend.tests.test_new_features.TestChampionshipMatches" name="test_get_championship" time="0.444" /><testcase classname="backend.tests.test_new_features.TestChampionshipMatches" name="test_get_championship_matches" time="0.107" /></testsuite></testsuites>