<?xml version="1.0" encoding="utf-8"?><testsuites name="pytest tests"><testsuite name="pytest" errors="0" failures="0" skipped="0" tests="26" time="7.416" timestamp="2026-03-27T21:58:31.310484+00:00" hostname="agent-env-36e94e43-b0e3-41c2-aa88-d649da407104"><testcase classname="backend.tests.test_payments.TestPaymentsModule" name="test_01_admin_login" time="0.880" /><testcase classname="backend.tests.test_payments.TestPaymentsModule" name="test_02_create_test_player" time="0.754" /><testcase classname="backend.tests.test_payments.TestPaymentsModule" name="test_03_get_payment_status_admin" time="0.114" /><testcase classname="backend.tests.test_payments.TestPaymentsModule" name="test_04_get_my_payments_admin" time="0.150" /><testcase classname="backend.tests.test_payments.TestPaymentsModule" name="test_05_get_payments_summary_admin" time="0.124" /><testcase classname="backend.tests.test_payments.TestPaymentsModule" name="test_06_get_all_payments_admin" time="0.187" /><testcase classname="backend.tests.test_payments.TestPaymentsModule" name="test_07_create_monthly_fee" time="0.134" /><testcase classname="backend.tests.test_payments.TestPaymentsModule" name="test_08_create_duplicate_monthly_fee_fails" time="0.105" /><testcase classname="backend.tests.test_payments.TestPaymentsModule" name="test_09_create_custom_payment" time="0.373" /><testcase classname="backend.tests.test_payments.TestPaymentsModule" name="test_10_get_user_payments" time="0.113" /><testcase classname="backend.tests.test_payments.TestPaymentsModule" name="test_11_filter_payments_by_status" time="0.121" /><testcase classname="backend.tests.test_payments.TestPaymentsModule" name="test_12_mark_payment_as_paid" time="0.230" /><testcase classname="backend.tests.test_payments.TestPaymentsModule" name="test_13_player_can_see_own_payments" time="0.146" /><testcase classname="backend.tests.test_payments.TestPaymentsModule" name="test_14_player_can_get_payment_status" time="0.115" /><testcase classname="backend.tests.test_payments.TestPaymentsModule" name="test_15_player_cannot_access_admin_payments" time="0.111" /><testcase classname="backend.tests.test_payments.TestPaymentsModule" name="test_16_player_cannot_access_summary" time="0.109" /><testcase classname="backend.tests.test_payments.TestPaymentsModule" name="test_17_player_cannot_create_monthly_fee" time="0.117" /><testcase classname="backend.tests.test_payments.TestPaymentsModule" name="test_18_player_cannot_create_custom_payment" time="0.118" /><testcase classname="backend.tests.test_payments.TestPaymentsModule" name="test_19_player_cannot_mark_as_paid" time="0.117" /><testcase classname="backend.tests.test_payments.TestPaymentsModule" name="test_20_player_cannot_delete_payment" time="0.113" /><testcase classname="backend.tests.test_payments.TestPaymentsModule" name="test_21_create_bulk_monthly_fees" time="0.123" /><testcase classname="backend.tests.test_payments.TestPaymentsModule" name="test_22_delete_custom_payment" time="0.113" /><testcase classname="backend.tests.test_payments.TestPaymentsModule" name="test_23_delete_monthly_fee" time="0.115" /><testcase classname="backend.tests.test_payments.TestPaymentsModule" name="test_24_delete_nonexistent_payment_fails" time="0.117" /><testcase classname="backend.tests.test_payments.TestCoachDelegateRBAC" name="test_coach_cannot_access_payments_admin" time="1.365" /><testcase classname="backend.tests.test_payments.TestCoachDelegateRBAC" name="test_delegate_cannot_access_payments_admin" time="1.213" /></testsuite></testsuites>