<?xml version="1.0" encoding="utf-8"?><testsuites name="pytest tests"><testsuite name="pytest" errors="0" failures="0" skipped="0" tests="16" time="9.833" timestamp="2026-03-25T13:14:27.762554+00:00" hostname="agent-env-36e94e43-b0e3-41c2-aa88-d649da407104"><testcase classname="backend.tests.test_phase1_phase2.TestAuthAndSetup" name="test_admin_login" time="0.393" /><testcase classname="backend.tests.test_phase1_phase2.TestAuthAndSetup" name="test_user_login" time="0.323" /><testcase classname="backend.tests.test_phase1_phase2.TestClubEndpoints" name="test_get_clubs_list" time="0.439" /><testcase classname="backend.tests.test_phase1_phase2.TestClubEndpoints" name="test_create_club_admin_only" time="0.909" /><testcase classname="backend.tests.test_phase1_phase2.TestClubEndpoints" name="test_update_club" time="0.666" /><testcase classname="backend.tests.test_phase1_phase2.TestPermissionsEndpoints" name="test_get_default_permissions_admin_only" time="0.933" /><testcase classname="backend.tests.test_phase1_phase2.TestPermissionsEndpoints" name="test_get_user_permissions" time="1.040" /><testcase classname="backend.tests.test_phase1_phase2.TestUserProfileEndpoints" name="test_update_profile_identity" time="0.562" /><testcase classname="backend.tests.test_phase1_phase2.TestUserProfileEndpoints" name="test_update_profile_biometric" time="0.551" /><testcase classname="backend.tests.test_phase1_phase2.TestUserProfileEndpoints" name="test_update_profile_sports" time="0.554" /><testcase classname="backend.tests.test_phase1_phase2.TestUserProfileEndpoints" name="test_update_profile_equipment" time="0.595" /><testcase classname="backend.tests.test_phase1_phase2.TestUserProfileEndpoints" name="test_update_profile_family_members" time="0.547" /><testcase classname="backend.tests.test_phase1_phase2.TestUserProfileEndpoints" name="test_user_cannot_edit_other_profile" time="0.889" /><testcase classname="backend.tests.test_phase1_phase2.TestNavigationEndpoints" name="test_get_teams_for_navigation" time="0.431" /><testcase classname="backend.tests.test_phase1_phase2.TestNavigationEndpoints" name="test_get_associated_for_navigation" time="0.442" /><testcase classname="backend.tests.test_phase1_phase2.TestNavigationEndpoints" name="test_get_auth_me" time="0.476" /></testsuite></testsuites>