<?xml version="1.0" encoding="utf-8"?><testsuites name="pytest tests"><testsuite name="pytest" errors="0" failures="0" skipped="0" tests="13" time="7.152" timestamp="2026-03-25T13:57:08.991321+00:00" hostname="agent-env-36e94e43-b0e3-41c2-aa88-d649da407104"><testcase classname="backend.tests.test_phase5_attendance.TestPhase5Attendance" name="test_get_team_attendance_success" time="0.508" /><testcase classname="backend.tests.test_phase5_attendance.TestPhase5Attendance" name="test_get_team_attendance_with_month_filter" time="0.441" /><testcase classname="backend.tests.test_phase5_attendance.TestPhase5Attendance" name="test_get_team_attendance_with_event_type_filter" time="0.442" /><testcase classname="backend.tests.test_phase5_attendance.TestPhase5Attendance" name="test_get_team_attendance_with_multiple_filters" time="0.512" /><testcase classname="backend.tests.test_phase5_attendance.TestPhase5Attendance" name="test_get_team_attendance_invalid_team" time="0.503" /><testcase classname="backend.tests.test_phase5_attendance.TestPhase5Attendance" name="test_get_team_attendance_summary_success" time="0.423" /><testcase classname="backend.tests.test_phase5_attendance.TestPhase5Attendance" name="test_get_team_attendance_summary_invalid_team" time="0.443" /><testcase classname="backend.tests.test_phase5_attendance.TestPhase5Attendance" name="test_get_event_attendance_success" time="0.533" /><testcase classname="backend.tests.test_phase5_attendance.TestPhase5Attendance" name="test_get_event_attendance_invalid_event" time="0.461" /><testcase classname="backend.tests.test_phase5_attendance.TestPhase5Attendance" name="test_create_convocation_and_verify_attendance" time="0.603" /><testcase classname="backend.tests.test_phase5_attendance.TestPhase5Attendance" name="test_attendance_data_structure" time="0.431" /><testcase classname="backend.tests.test_phase5_attendance.TestAttendanceFilters" name="test_filter_by_all_months" time="1.138" /><testcase classname="backend.tests.test_phase5_attendance.TestAttendanceFilters" name="test_filter_by_all_event_types" time="0.662" /></testsuite></testsuites>