<?xml version="1.0" encoding="utf-8"?><testsuites name="pytest tests"><testsuite name="pytest" errors="0" failures="2" skipped="0" tests="13" time="7.070" timestamp="2026-03-25T13:35:10.353017+00:00" hostname="agent-env-36e94e43-b0e3-41c2-aa88-d649da407104"><testcase classname="tests.test_phase4_calendar.TestPhase4Calendar" name="test_create_event_treino" time="0.595" /><testcase classname="tests.test_phase4_calendar.TestPhase4Calendar" name="test_create_event_jogo_campeonato" time="0.433" /><testcase classname="tests.test_phase4_calendar.TestPhase4Calendar" name="test_create_event_jogo_amigavel" time="0.490" /><testcase classname="tests.test_phase4_calendar.TestPhase4Calendar" name="test_create_event_torneio" time="0.432" /><testcase classname="tests.test_phase4_calendar.TestPhase4Calendar" name="test_create_event_outro" time="0.477" /><testcase classname="tests.test_phase4_calendar.TestPhase4Calendar" name="test_get_events" time="0.409" /><testcase classname="tests.test_phase4_calendar.TestPhase4Calendar" name="test_update_event_put" time="0.592" /><testcase classname="tests.test_phase4_calendar.TestPhase4Calendar" name="test_postpone_event" time="0.575" /><testcase classname="tests.test_phase4_calendar.TestPhase4Calendar" name="test_cancel_event" time="0.567" /><testcase classname="tests.test_phase4_calendar.TestPhase4Calendar" name="test_delete_event" time="0.562" /><testcase classname="tests.test_phase4_calendar.TestPhase4Calendar" name="test_update_event_type" time="0.553" /><testcase classname="tests.test_phase4_calendar.TestPhase4Calendar" name="test_regular_user_cannot_create_event" time="0.432"><failure message="AssertionError: Expected 403, got 200: {&quot;id&quot;:&quot;21374f45-4b90-4ba6-884c-5adb449c086e&quot;,&quot;team_id&quot;:&quot;4a3f0d71-7b53-4b1f-b791-00231c206bd3&quot;,&quot;event_type&quot;:&quot;treino&quot;,&quot;title&quot;:&quot;TEST_Unauthorized Event&quot;,&quot;description&quot;:null,&quot;location&quot;:&quot;Pavilhão&quot;,&quot;start_time&quot;:&quot;2026-04-02T18:00:00&quot;,&quot;end_time&quot;:null,&quot;opponent&quot;:null,&quot;championship_id&quot;:null,&quot;status&quot;:&quot;scheduled&quot;,&quot;created_by&quot;:&quot;da6d1f84-01ab-4741-a588-af5bfd02d8f6&quot;,&quot;created_at&quot;:&quot;2026-03-25T13:35:16.536921+00:00&quot;}&#10;assert 200 == 403&#10; +  where 200 = &lt;Response [200]&gt;.status_code">tests/test_phase4_calendar.py:445: in test_regular_user_cannot_create_event
    assert response.status_code == 403, f"Expected 403, got {response.status_code}: {response.text}"
E   AssertionError: Expected 403, got 200: {"id":"21374f45-4b90-4ba6-884c-5adb449c086e","team_id":"4a3f0d71-7b53-4b1f-b791-00231c206bd3","event_type":"treino","title":"TEST_Unauthorized Event","description":null,"location":"Pavilhão","start_time":"2026-04-02T18:00:00","end_time":null,"opponent":null,"championship_id":null,"status":"scheduled","created_by":"da6d1f84-01ab-4741-a588-af5bfd02d8f6","created_at":"2026-03-25T13:35:16.536921+00:00"}
E   assert 200 == 403
E    +  where 200 = &lt;Response [200]&gt;.status_code</failure></testcase><testcase classname="tests.test_phase4_calendar.TestPhase4Calendar" name="test_regular_user_cannot_delete_event" time="0.843"><failure message="AssertionError: Expected 403, got 200: {&quot;message&quot;:&quot;Evento eliminado&quot;}&#10;assert 200 == 403&#10; +  where 200 = &lt;Response [200]&gt;.status_code">tests/test_phase4_calendar.py:478: in test_regular_user_cannot_delete_event
    assert delete_response.status_code == 403, f"Expected 403, got {delete_response.status_code}: {delete_response.text}"
E   AssertionError: Expected 403, got 200: {"message":"Evento eliminado"}
E   assert 200 == 403
E    +  where 200 = &lt;Response [200]&gt;.status_code</failure></testcase></testsuite></testsuites>