<?xml version="1.0" encoding="utf-8"?><testsuites name="pytest tests"><testsuite name="pytest" errors="0" failures="0" skipped="0" tests="6" time="3.769" timestamp="2026-03-26T11:25:34.192759+00:00" hostname="agent-env-36e94e43-b0e3-41c2-aa88-d649da407104"><testcase classname="backend.tests.test_phase11_features.TestClubVenueFields" name="test_get_clubs" time="0.497" /><testcase classname="backend.tests.test_phase11_features.TestClubVenueFields" name="test_update_club_venue_fields" time="0.766" /><testcase classname="backend.tests.test_phase11_features.TestStatsEndpoints" name="test_get_team_stats" time="0.529" /><testcase classname="backend.tests.test_phase11_features.TestStatsEndpoints" name="test_get_championship_standings" time="0.641" /><testcase classname="backend.tests.test_phase11_features.TestStatsEndpoints" name="test_get_championship_matches" time="0.641" /><testcase classname="backend.tests.test_phase11_features.TestMatchStatsPage" name="test_get_match_stats" time="0.649" /></testsuite></testsuites>