<?xml version="1.0" encoding="utf-8"?><testsuites name="pytest tests"><testsuite name="pytest" errors="0" failures="0" skipped="0" tests="17" time="8.857" timestamp="2026-03-25T14:05:40.716349+00:00" hostname="agent-env-36e94e43-b0e3-41c2-aa88-d649da407104"><testcase classname="backend.tests.test_phase7_championships.TestChampionshipFormat" name="test_create_championship_with_5x5_format" time="0.592" /><testcase classname="backend.tests.test_phase7_championships.TestChampionshipFormat" name="test_create_championship_with_3x3_format" time="0.117" /><testcase classname="backend.tests.test_phase7_championships.TestChampionshipFormat" name="test_get_championship_shows_format" time="0.542" /><testcase classname="backend.tests.test_phase7_championships.TestChampionshipFormat" name="test_get_existing_championship_format" time="0.122" /><testcase classname="backend.tests.test_phase7_championships.TestChampionshipMatches" name="test_create_match" time="0.380" /><testcase classname="backend.tests.test_phase7_championships.TestChampionshipMatches" name="test_get_matches" time="0.546" /><testcase classname="backend.tests.test_phase7_championships.TestEditMatch" name="test_edit_match_opponent" time="0.609" /><testcase classname="backend.tests.test_phase7_championships.TestEditMatch" name="test_edit_match_date" time="0.554" /><testcase classname="backend.tests.test_phase7_championships.TestEditMatch" name="test_edit_match_location" time="0.577" /><testcase classname="backend.tests.test_phase7_championships.TestEditMatch" name="test_edit_match_venue" time="0.628" /><testcase classname="backend.tests.test_phase7_championships.TestEditMatch" name="test_edit_match_all_fields" time="0.610" /><testcase classname="backend.tests.test_phase7_championships.TestEditMatch" name="test_edit_nonexistent_match" time="0.557" /><testcase classname="backend.tests.test_phase7_championships.TestDeleteMatch" name="test_delete_match" time="0.641" /><testcase classname="backend.tests.test_phase7_championships.TestDeleteMatch" name="test_delete_nonexistent_match" time="0.351" /><testcase classname="backend.tests.test_phase7_championships.TestMatchResult" name="test_update_match_result" time="0.645" /><testcase classname="backend.tests.test_phase7_championships.TestStandings" name="test_get_standings" time="0.899" /><testcase classname="backend.tests.test_phase7_championships.TestCleanup" name="test_cleanup_test_championships" time="0.358" /></testsuite></testsuites>