<?xml version="1.0" encoding="utf-8"?><testsuites name="pytest tests"><testsuite name="pytest" errors="0" failures="0" skipped="0" tests="18" time="11.296" timestamp="2026-03-25T18:12:32.721014+00:00" hostname="agent-env-36e94e43-b0e3-41c2-aa88-d649da407104"><testcase classname="backend.tests.test_phase8_library_ai_theme.TestLibraryCRUD" name="test_get_library_items" time="0.491" /><testcase classname="backend.tests.test_phase8_library_ai_theme.TestLibraryCRUD" name="test_create_library_link_item" time="0.135" /><testcase classname="backend.tests.test_phase8_library_ai_theme.TestLibraryCRUD" name="test_create_library_video_item" time="0.115" /><testcase classname="backend.tests.test_phase8_library_ai_theme.TestLibraryCRUD" name="test_create_library_pdf_item" time="0.113" /><testcase classname="backend.tests.test_phase8_library_ai_theme.TestLibraryCRUD" name="test_get_library_categories" time="0.129" /><testcase classname="backend.tests.test_phase8_library_ai_theme.TestLibraryCRUD" name="test_filter_library_by_category" time="0.115" /><testcase classname="backend.tests.test_phase8_library_ai_theme.TestLibraryCRUD" name="test_filter_library_by_type" time="0.155" /><testcase classname="backend.tests.test_phase8_library_ai_theme.TestLibraryCRUD" name="test_update_library_item" time="0.115" /><testcase classname="backend.tests.test_phase8_library_ai_theme.TestLibraryCRUD" name="test_delete_library_item" time="0.255" /><testcase classname="backend.tests.test_phase8_library_ai_theme.TestAIAssistant" name="test_ai_chat_send_message" time="6.008" /><testcase classname="backend.tests.test_phase8_library_ai_theme.TestAIAssistant" name="test_ai_chat_with_session" time="1.797" /><testcase classname="backend.tests.test_phase8_library_ai_theme.TestAIAssistant" name="test_ai_get_chat_history" time="0.132" /><testcase classname="backend.tests.test_phase8_library_ai_theme.TestAIAssistant" name="test_ai_clear_chat_history" time="0.152" /><testcase classname="backend.tests.test_phase8_library_ai_theme.TestThemeColors" name="test_get_club_info" time="0.457" /><testcase classname="backend.tests.test_phase8_library_ai_theme.TestThemeColors" name="test_update_club_theme_colors" time="0.130" /><testcase classname="backend.tests.test_phase8_library_ai_theme.TestThemeColors" name="test_verify_theme_color_persistence" time="0.109" /><testcase classname="backend.tests.test_phase8_library_ai_theme.TestThemeColors" name="test_restore_original_colors" time="0.110" /><testcase classname="backend.tests.test_phase8_library_ai_theme.TestCleanup" name="test_cleanup_test_library_items" time="0.722" /></testsuite></testsuites>