<?xml version="1.0" encoding="utf-8"?><testsuites name="pytest tests"><testsuite name="pytest" errors="0" failures="0" skipped="0" tests="23" time="4.760" timestamp="2026-03-25T11:20:38.452621+00:00" hostname="agent-env-36e94e43-b0e3-41c2-aa88-d649da407104"><testcase classname="backend.tests.test_api.TestHealthAndRoot" name="test_api_root" time="0.194" /><testcase classname="backend.tests.test_api.TestAuthentication" name="test_login_success" time="0.341" /><testcase classname="backend.tests.test_api.TestAuthentication" name="test_login_invalid_credentials" time="0.097" /><testcase classname="backend.tests.test_api.TestAuthentication" name="test_register_duplicate_email" time="0.105" /><testcase classname="backend.tests.test_api.TestAuthenticatedEndpoints" name="test_get_me" time="0.448" /><testcase classname="backend.tests.test_api.TestAuthenticatedEndpoints" name="test_get_profiles" time="0.124" /><testcase classname="backend.tests.test_api.TestTeams" name="test_get_teams" time="0.104" /><testcase classname="backend.tests.test_api.TestTeams" name="test_create_team" time="0.108" /><testcase classname="backend.tests.test_api.TestTeams" name="test_get_team_by_id" time="0.208" /><testcase classname="backend.tests.test_api.TestTeams" name="test_get_team_members" time="0.226" /><testcase classname="backend.tests.test_api.TestChampionships" name="test_get_championships" time="0.115" /><testcase classname="backend.tests.test_api.TestChampionships" name="test_create_championship" time="0.242" /><testcase classname="backend.tests.test_api.TestChampionships" name="test_get_championship_by_id" time="0.319" /><testcase classname="backend.tests.test_api.TestEvents" name="test_get_events" time="0.101" /><testcase classname="backend.tests.test_api.TestEvents" name="test_create_event" time="0.244" /><testcase classname="backend.tests.test_api.TestDashboard" name="test_get_dashboard" time="0.114" /><testcase classname="backend.tests.test_api.TestMessages" name="test_send_and_get_messages" time="0.308" /><testcase classname="backend.tests.test_api.TestAttendance" name="test_get_team_attendance" time="0.211" /><testcase classname="backend.tests.test_api.TestAttendance" name="test_get_team_attendance_summary" time="0.219" /><testcase classname="backend.tests.test_api.TestStats" name="test_get_team_stats" time="0.217" /><testcase classname="backend.tests.test_api.TestUsers" name="test_get_users" time="0.099" /><testcase classname="backend.tests.test_api.TestUsers" name="test_get_user_by_id" time="0.453" /><testcase classname="backend.tests.test_api.TestConvocations" name="test_get_my_convocations" time="0.110" /></testsuite></testsuites>