<?xml version="1.0" encoding="utf-8"?><testsuites name="pytest tests"><testsuite name="pytest" errors="0" failures="0" skipped="0" tests="25" time="23.196" timestamp="2026-03-27T17:05:14.728697+00:00" hostname="agent-env-36e94e43-b0e3-41c2-aa88-d649da407104"><testcase classname="backend.tests.test_rbac_permissions.TestRBACSetup" name="test_admin_login" time="0.379" /><testcase classname="backend.tests.test_rbac_permissions.TestRBACSetup" name="test_player_login" time="0.365" /><testcase classname="backend.tests.test_rbac_permissions.TestPermissionsEndpoint" name="test_admin_permissions" time="0.484" /><testcase classname="backend.tests.test_rbac_permissions.TestPermissionsEndpoint" name="test_player_permissions" time="0.477" /><testcase classname="backend.tests.test_rbac_permissions.TestEventRBAC" name="test_player_can_view_events" time="0.582" /><testcase classname="backend.tests.test_rbac_permissions.TestEventRBAC" name="test_player_cannot_create_event" time="0.109" /><testcase classname="backend.tests.test_rbac_permissions.TestEventRBAC" name="test_player_cannot_update_event" time="0.637" /><testcase classname="backend.tests.test_rbac_permissions.TestEventRBAC" name="test_player_cannot_delete_event" time="0.276" /><testcase classname="backend.tests.test_rbac_permissions.TestEventRBAC" name="test_admin_can_create_event" time="0.136" /><testcase classname="backend.tests.test_rbac_permissions.TestChampionshipRBAC" name="test_player_can_view_championships" time="0.448" /><testcase classname="backend.tests.test_rbac_permissions.TestChampionshipRBAC" name="test_player_cannot_create_championship" time="0.151" /><testcase classname="backend.tests.test_rbac_permissions.TestChampionshipRBAC" name="test_player_cannot_update_championship" time="0.642" /><testcase classname="backend.tests.test_rbac_permissions.TestChampionshipRBAC" name="test_player_cannot_delete_championship" time="0.274" /><testcase classname="backend.tests.test_rbac_permissions.TestTeamMemberRBAC" name="test_player_can_view_team_members" time="0.493" /><testcase classname="backend.tests.test_rbac_permissions.TestTeamMemberRBAC" name="test_player_cannot_add_team_member" time="0.635" /><testcase classname="backend.tests.test_rbac_permissions.TestTeamMemberRBAC" name="test_player_cannot_remove_team_member" time="0.241" /><testcase classname="backend.tests.test_rbac_permissions.TestAttendanceRBAC" name="test_player_can_view_own_convocations" time="0.471" /><testcase classname="backend.tests.test_rbac_permissions.TestAttendanceRBAC" name="test_player_can_update_own_attendance" time="10.147" /><testcase classname="backend.tests.test_rbac_permissions.TestAttendanceRBAC" name="test_player_cannot_create_convocation" time="1.511" /><testcase classname="backend.tests.test_rbac_permissions.TestConvocationRBAC" name="test_admin_can_create_convocation" time="0.677" /><testcase classname="backend.tests.test_rbac_permissions.TestLineupRBAC" name="test_player_cannot_create_lineup" time="1.048" /><testcase classname="backend.tests.test_rbac_permissions.TestLineupRBAC" name="test_admin_can_create_lineup" time="0.338" /><testcase classname="backend.tests.test_rbac_permissions.TestTeamAccessRBAC" name="test_player_cannot_access_unassigned_team" time="1.037" /><testcase classname="backend.tests.test_rbac_permissions.TestTeamAccessRBAC" name="test_admin_can_access_all_teams" time="0.331" /><testcase classname="backend.tests.test_rbac_permissions.TestStaffEventCreation" name="test_staff_can_create_event_for_assigned_team" time="1.230" /></testsuite></testsuites>