<?xml version="1.0" encoding="utf-8"?><testsuites name="pytest tests"><testsuite name="pytest" errors="0" failures="0" skipped="0" tests="14" time="6.017" timestamp="2026-03-27T20:35:38.363092+00:00" hostname="agent-env-36e94e43-b0e3-41c2-aa88-d649da407104"><testcase classname="backend.tests.test_reminder_api.TestReminderAPI" name="test_admin_login_success" time="0.560" /><testcase classname="backend.tests.test_reminder_api.TestReminderAPI" name="test_player_login_success" time="0.360" /><testcase classname="backend.tests.test_reminder_api.TestReminderAPI" name="test_admin_can_trigger_reminder_processing" time="0.423" /><testcase classname="backend.tests.test_reminder_api.TestReminderAPI" name="test_player_cannot_trigger_reminder_processing" time="0.451" /><testcase classname="backend.tests.test_reminder_api.TestReminderAPI" name="test_unauthenticated_cannot_trigger_reminder_processing" time="0.164" /><testcase classname="backend.tests.test_reminder_api.TestReminderAPI" name="test_admin_can_get_reminder_status" time="0.467" /><testcase classname="backend.tests.test_reminder_api.TestReminderAPI" name="test_get_reminder_status_for_specific_event" time="0.403" /><testcase classname="backend.tests.test_reminder_api.TestReminderAPI" name="test_player_cannot_get_reminder_status" time="0.441" /><testcase classname="backend.tests.test_reminder_api.TestReminderAPI" name="test_admin_can_get_pending_reminders" time="0.434" /><testcase classname="backend.tests.test_reminder_api.TestReminderAPI" name="test_player_gets_empty_pending_reminders" time="0.398" /><testcase classname="backend.tests.test_reminder_api.TestReminderAPI" name="test_reminder_idempotency" time="0.578" /><testcase classname="backend.tests.test_reminder_api.TestReminderAPI" name="test_existing_reminder_has_correct_structure" time="0.396" /><testcase classname="backend.tests.test_reminder_api.TestReminderAPI" name="test_event_with_convocation_skipped" time="0.871" /><testcase classname="backend.tests.test_reminder_api.TestBackgroundScheduler" name="test_scheduler_logs_present" time="0.000" /></testsuite></testsuites>