<?xml version="1.0" encoding="utf-8"?><testsuites name="pytest tests"><testsuite name="pytest" errors="0" failures="0" skipped="0" tests="16" time="6.148" timestamp="2026-03-27T22:12:00.892511+00:00" hostname="agent-env-36e94e43-b0e3-41c2-aa88-d649da407104"><testcase classname="backend.tests.test_resend_email_integration.TestResendEmailIntegration" name="test_01_api_health_check" time="0.323" /><testcase classname="backend.tests.test_resend_email_integration.TestResendEmailIntegration" name="test_02_admin_login" time="0.422" /><testcase classname="backend.tests.test_resend_email_integration.TestResendEmailIntegration" name="test_03_build_email_template_structure" time="0.000" /><testcase classname="backend.tests.test_resend_email_integration.TestResendEmailIntegration" name="test_04_create_custom_payment_triggers_email" time="0.668" /><testcase classname="backend.tests.test_resend_email_integration.TestResendEmailIntegration" name="test_05_mark_payment_paid_triggers_email" time="0.564" /><testcase classname="backend.tests.test_resend_email_integration.TestResendEmailIntegration" name="test_06_send_activation_reminder_triggers_email" time="0.715" /><testcase classname="backend.tests.test_resend_email_integration.TestResendEmailIntegration" name="test_07_create_unavailability_triggers_coach_email" time="1.300" /><testcase classname="backend.tests.test_resend_email_integration.TestResendEmailIntegration" name="test_08_system_works_without_resend_key" time="0.543" /><testcase classname="backend.tests.test_resend_email_integration.TestResendEmailIntegration" name="test_09_email_errors_dont_break_flow" time="0.526" /><testcase classname="backend.tests.test_resend_email_integration.TestResendEmailIntegration" name="test_10_payments_page_functional" time="0.505" /><testcase classname="backend.tests.test_resend_email_integration.TestResendEmailIntegration" name="test_11_monthly_fee_creation_works" time="0.520" /><testcase classname="backend.tests.test_resend_email_integration.TestEmailTemplateContent" name="test_template_has_stickpro_branding" time="0.000" /><testcase classname="backend.tests.test_resend_email_integration.TestEmailTemplateContent" name="test_template_is_responsive" time="0.000" /><testcase classname="backend.tests.test_resend_email_integration.TestEmailLogging" name="test_warning_logged_when_no_api_key" time="0.000" /><testcase classname="backend.tests.test_resend_email_integration.TestEmailLogging" name="test_success_logged_when_email_sent" time="0.000" /><testcase classname="backend.tests.test_resend_email_integration.TestEmailLogging" name="test_error_logged_on_failure" time="0.000" /></testsuite></testsuites>