<?xml version="1.0" encoding="utf-8"?><testsuites name="pytest tests"><testsuite name="pytest" errors="0" failures="0" skipped="0" tests="18" time="9.968" timestamp="2026-03-28T16:33:10.840440+00:00" hostname="agent-env-36e94e43-b0e3-41c2-aa88-d649da407104"><testcase classname="tests.test_role_management.TestRoleManagement" name="test_add_member_with_jogador_role" time="0.584" /><testcase classname="tests.test_role_management.TestRoleManagement" name="test_add_member_with_treinador_role" time="0.545" /><testcase classname="tests.test_role_management.TestRoleManagement" name="test_add_member_with_treinador_adjunto_role" time="0.576" /><testcase classname="tests.test_role_management.TestRoleManagement" name="test_add_member_with_delegado_role" time="0.600" /><testcase classname="tests.test_role_management.TestRoleManagement" name="test_add_member_with_responsavel_role" time="0.535" /><testcase classname="tests.test_role_management.TestRoleManagement" name="test_team_roles_mapping_saved" time="0.607" /><testcase classname="tests.test_role_management.TestRoleManagement" name="test_update_team_member_role" time="0.617" /><testcase classname="tests.test_role_management.TestRoleManagement" name="test_admin_can_grant_admin_role" time="0.525" /><testcase classname="tests.test_role_management.TestRoleManagement" name="test_admin_can_revoke_admin_role" time="0.572" /><testcase classname="tests.test_role_management.TestRoleManagement" name="test_admin_cannot_remove_own_admin_role" time="0.537" /><testcase classname="tests.test_role_management.TestRoleManagement" name="test_non_admin_cannot_toggle_admin_role" time="0.890" /><testcase classname="tests.test_role_management.TestRoleManagement" name="test_rbac_admin_has_full_access" time="0.585" /><testcase classname="tests.test_role_management.TestRoleManagement" name="test_rbac_permissions_endpoint" time="0.488" /><testcase classname="tests.test_role_management.TestRoleManagement" name="test_user_response_includes_team_roles" time="0.520" /><testcase classname="tests.test_role_management.TestRoleManagement" name="test_user_response_includes_linked_player_ids" time="0.486" /><testcase classname="tests.test_role_management.TestProfileNationality" name="test_update_profile_with_nationality" time="0.446" /><testcase classname="tests.test_role_management.TestProfileNationality" name="test_nationality_field_in_user_profile_model" time="0.376" /><testcase classname="tests.test_role_management.TestLinkPlayers" name="test_link_players_endpoint_exists" time="0.427" /></testsuite></testsuites>