<?xml version="1.0" encoding="utf-8"?><testsuites name="pytest tests"><testsuite name="pytest" errors="0" failures="0" skipped="0" tests="15" time="7.269" timestamp="2026-03-27T21:44:57.544340+00:00" hostname="agent-env-36e94e43-b0e3-41c2-aa88-d649da407104"><testcase classname="backend.tests.test_unavailabilities.TestUnavailabilitiesModule" name="test_01_get_my_unavailabilities_empty" time="0.512" /><testcase classname="backend.tests.test_unavailabilities.TestUnavailabilitiesModule" name="test_02_create_unavailability_ferias" time="0.556" /><testcase classname="backend.tests.test_unavailabilities.TestUnavailabilitiesModule" name="test_03_create_unavailability_doenca" time="0.414" /><testcase classname="backend.tests.test_unavailabilities.TestUnavailabilitiesModule" name="test_04_create_unavailability_escola" time="0.461" /><testcase classname="backend.tests.test_unavailabilities.TestUnavailabilitiesModule" name="test_05_create_unavailability_outro" time="0.415" /><testcase classname="backend.tests.test_unavailabilities.TestUnavailabilitiesModule" name="test_06_get_my_unavailabilities_with_data" time="0.448" /><testcase classname="backend.tests.test_unavailabilities.TestUnavailabilitiesModule" name="test_07_update_unavailability" time="0.446" /><testcase classname="backend.tests.test_unavailabilities.TestUnavailabilitiesModule" name="test_08_verify_update_persisted" time="0.712" /><testcase classname="backend.tests.test_unavailabilities.TestUnavailabilitiesModule" name="test_09_create_invalid_dates" time="0.432" /><testcase classname="backend.tests.test_unavailabilities.TestUnavailabilitiesModule" name="test_10_delete_unavailability" time="0.419" /><testcase classname="backend.tests.test_unavailabilities.TestUnavailabilitiesModule" name="test_11_verify_delete_persisted" time="0.537" /><testcase classname="backend.tests.test_unavailabilities.TestUnavailabilitiesModule" name="test_12_delete_nonexistent" time="0.430" /><testcase classname="backend.tests.test_unavailabilities.TestUnavailabilitiesModule" name="test_13_update_nonexistent" time="0.391" /><testcase classname="backend.tests.test_unavailabilities.TestUnavailabilitiesModule" name="test_14_cleanup_test_data" time="0.512" /><testcase classname="backend.tests.test_unavailabilities.TestUnavailabilitiesWithoutNotes" name="test_create_without_notes" time="0.509" /></testsuite></testsuites>