<?xml version="1.0" encoding="utf-8"?><testsuites name="pytest tests"><testsuite name="pytest" errors="0" failures="0" skipped="0" tests="13" time="7.488" timestamp="2026-03-27T17:25:40.942963+00:00" hostname="agent-env-36e94e43-b0e3-41c2-aa88-d649da407104"><testcase classname="backend.tests.test_unavailability_convocation.TestUnavailabilityAPI" name="test_01_create_unavailability_as_player" time="0.562" /><testcase classname="backend.tests.test_unavailability_convocation.TestUnavailabilityAPI" name="test_02_get_my_unavailabilities" time="0.379" /><testcase classname="backend.tests.test_unavailability_convocation.TestUnavailabilityAPI" name="test_03_get_team_unavailabilities_as_admin" time="0.386" /><testcase classname="backend.tests.test_unavailability_convocation.TestUnavailabilityAPI" name="test_04_update_unavailability" time="0.572" /><testcase classname="backend.tests.test_unavailability_convocation.TestUnavailabilityAPI" name="test_05_delete_unavailability" time="0.495" /><testcase classname="backend.tests.test_unavailability_convocation.TestUnavailabilityAPI" name="test_06_check_unavailability_for_players" time="0.450" /><testcase classname="backend.tests.test_unavailability_convocation.TestUnavailabilityAPI" name="test_07_unavailability_reasons_validation" time="0.884" /><testcase classname="backend.tests.test_unavailability_convocation.TestConvocationVisibility" name="test_01_create_convocation_with_visibility_all" time="0.645" /><testcase classname="backend.tests.test_unavailability_convocation.TestConvocationVisibility" name="test_02_create_convocation_with_visibility_players" time="0.592" /><testcase classname="backend.tests.test_unavailability_convocation.TestConvocationVisibility" name="test_03_create_convocation_with_visibility_delegates" time="0.592" /><testcase classname="backend.tests.test_unavailability_convocation.TestUpcomingEventsWithoutConvocation" name="test_01_get_upcoming_events_without_convocation" time="0.440" /><testcase classname="backend.tests.test_unavailability_convocation.TestUpcomingEventsWithoutConvocation" name="test_02_player_cannot_access_upcoming_without_convocation" time="0.374" /><testcase classname="backend.tests.test_unavailability_convocation.TestUnavailablePlayersInConvocation" name="test_01_convocation_skips_unavailable_players" time="1.060" /></testsuite></testsuites>